%!Adobe-FontList 1.13
%Locale:0x409

%BeginFont
Handler:DirectoryHandler
FontType:CID
FontName:AdobeKaitiStd-Regular
FamilyName:Adobe Kaiti Std
StyleName:R
MenuName:Adobe Kaiti Std R
StyleBits:0
WeightClass:400
WidthClass:5
AngleClass:0
FullName:Adobe Kaiti Std R
FamilyNameNative:Adobe 楷体 Std
StyleNameNative:R
FullNameNative:Adobe 楷体 Std R
WritingScript:SimplifiedChinese
OutlineFileName:\AdobeKaitiStd-Regular.otf
DataFormat:sfntData
isCFF:yes
FileLength:16948908
FileModTime:1352547972
%EndFont

%BeginFont
Handler:DirectoryHandler
FontType:Type1
FontName:HelveticaLTStd-Roman
FamilyName:Helvetica LT Std
StyleName:Roman
MenuName:Helvetica LT Std
StyleBits:0
WeightClass:400
WidthClass:5
AngleClass:0
FullName:Helvetica LT Std Roman
FamilyNameNative:
StyleNameNative:Roman
FullNameNative:
WritingScript:Cyrillic
OutlineFileName:\HelveticaLTStd-Roman.otf
DataFormat:sfntData
UsesStandardEncoding:yes
isCFF:yes
FileLength:45168
FileModTime:1052770666
%EndFont

%BeginFont
Handler:DirectoryHandler
FontType:Type1
FontName:HelveticaNeueLTStd-Roman
FamilyName:Helvetica Neue LT Std
StyleName:55 Roman
MenuName:HelveticaNeueLT Std
StyleBits:0
WeightClass:400
WidthClass:5
AngleClass:0
FullName:Helvetica Neue LT Std 55 Roman
WritingScript:Roman
OutlineFileName:\HelveticaNeueLTStd-Roman.otf
DataFormat:sfntData
UsesStandardEncoding:yes
isCFF:yes
FileLength:27476
FileModTime:1055417174
%EndFont

